2025-12-22 18:03:40.347 [main] ERROR c.joshua.utility.DatabaseConnection:46 - could not connect to the database
2025-12-22 18:06:36.237 [main] ERROR c.joshua.utility.DatabaseConnection:46 - could not connect to the database
2025-12-22 22:10:37.902 [main] ERROR com.joshua.service.PlaylistService:53 - could not insert into playlist due to duplicate or SQL error
2025-12-22 22:31:18.830 [main] ERROR com.joshua.service.PlaylistService:53 - could not insert into playlist due to duplicate or SQL error
2025-12-22 22:38:22.362 [main] ERROR com.joshua.service.PlaylistService:29 - could not create playlist in database due to SQL error
2025-12-22 22:38:22.468 [main] ERROR com.joshua.service.PlaylistService:39 - Could not retrieve data from database due to SQL error
2025-12-22 22:38:45.819 [main] ERROR com.joshua.service.PlaylistService:87 - could not get song from database
2025-12-22 22:38:45.835 [main] ERROR com.joshua.service.PlaylistService:151 - Could not delete from database use to SQL error
2025-12-22 22:38:45.879 [main] ERROR com.joshua.service.PlaylistService:142 - could not delete from the database due to SQL errror
2025-12-22 22:38:45.901 [main] ERROR com.joshua.service.PlaylistService:118 - could not get list of songs in database
2025-12-22 22:38:45.912 [main] ERROR com.joshua.service.PlaylistService:36 - could not add into song due to SQL error
2025-12-22 22:38:45.923 [main] ERROR com.joshua.service.PlaylistService:132 - could not update the database due to SQL failure
2025-12-22 22:38:45.939 [main] ERROR com.joshua.service.PlaylistService:64 - could not access database to retrieve songs
2025-12-22 22:38:45.944 [main] ERROR com.joshua.service.PlaylistService:43 - could not look through song table due to SQL error
2025-12-22 22:58:51.465 [main] ERROR com.joshua.service.PlaylistService:53 - could not insert into playlist due to duplicate or SQL error
2025-12-22 23:19:23.929 [main] ERROR com.joshua.service.PlaylistService:53 - could not insert into playlist due to duplicate or SQL error
2025-12-22 23:36:30.980 [main] ERROR com.joshua.service.PlaylistService:53 - could not insert into playlist due to duplicate or SQL error
2025-12-22 23:40:48.342 [main] ERROR com.joshua.service.PlaylistService:29 - could not create playlist in database due to SQL error
2025-12-22 23:40:48.477 [main] ERROR com.joshua.service.PlaylistService:39 - Could not retrieve data from database due to SQL error
2025-12-22 23:41:01.657 [main] ERROR com.joshua.service.PlaylistService:87 - could not get song from database
2025-12-22 23:41:01.673 [main] ERROR com.joshua.service.PlaylistService:151 - Could not delete from database use to SQL error
2025-12-22 23:41:01.724 [main] ERROR com.joshua.service.PlaylistService:142 - could not delete from the database due to SQL errror
2025-12-22 23:41:01.747 [main] ERROR com.joshua.service.PlaylistService:118 - could not get list of songs in database
2025-12-22 23:41:01.760 [main] ERROR com.joshua.service.PlaylistService:36 - could not add into song due to SQL error
2025-12-22 23:41:01.767 [main] ERROR com.joshua.service.PlaylistService:132 - could not update the database due to SQL failure
2025-12-22 23:41:01.784 [main] ERROR com.joshua.service.PlaylistService:64 - could not access database to retrieve songs
2025-12-22 23:41:01.792 [main] ERROR com.joshua.service.PlaylistService:43 - could not look through song table due to SQL error
2025-12-22 23:55:10.653 [main] ERROR com.joshua.service.PlaylistService:53 - could not insert into playlist due to duplicate or SQL error
